0:0:0:0:0:0:0:1 - - [20/May/2016:16:51:57 +0800] "GET / HTTP/1.1" 404 -
0:0:0:0:0:0:0:1 - - [20/May/2016:16:51:58 +0800] "GET /favicon.ico HTTP/1.1" 200 1150
0:0:0:0:0:0:0:1 - - [20/May/2016:16:52:02 +0800] "GET / HTTP/1.1" 404 -
0:0:0:0:0:0:0:1 - - [20/May/2016:16:52:02 +0800] "GET /favicon.ico HTTP/1.1" 200 1150
0:0:0:0:0:0:0:1 - - [20/May/2016:16:52:27 +0800] "GET /cms/affiche/detailed/toView HTTP/1.1" 404 -
0:0:0:0:0:0:0:1 - - [20/May/2016:16:53:05 +0800] "GET /cms/affiche/detailed/toView HTTP/1.1" 404 -
0:0:0:0:0:0:0:1 - - [20/May/2016:16:53:05 +0800] "GET /favicon.ico HTTP/1.1" 200 1150
0:0:0:0:0:0:0:1 - - [20/May/2016:16:53:06 +0800] "GET /cms/affiche/detailed/toView HTTP/1.1" 404 -
0:0:0:0:0:0:0:1 - - [20/May/2016:17:05:56 +0800] "GET /cms/affiche/detailed/toView HTTP/1.1" 401 1104
0:0:0:0:0:0:0:1 - - [20/May/2016:17:06:01 +0800] "GET /cms/affiche/detailed/toView HTTP/1.1" 401 1024
0:0:0:0:0:0:0:1 - - [20/May/2016:17:06:27 +0800] "GET /favicon.ico HTTP/1.1" 200 1150
0:0:0:0:0:0:0:1 - - [20/May/2016:17:07:48 +0800] "GET /login HTTP/1.1" 401 1104
0:0:0:0:0:0:0:1 - - [20/May/2016:17:07:54 +0800] "GET /login HTTP/1.1" 401 1024
0:0:0:0:0:0:0:1 - - [20/May/2016:17:12:14 +0800] "GET /login HTTP/1.1" 401 1104
0:0:0:0:0:0:0:1 - - [20/May/2016:17:13:53 +0800] "GET /favicon.ico HTTP/1.1" 200 1150
0:0:0:0:0:0:0:1 - - [20/May/2016:17:18:03 +0800] "GET / HTTP/1.1" 401 1104
0:0:0:0:0:0:0:1 - - [20/May/2016:17:18:05 +0800] "GET / HTTP/1.1" 401 1024
0:0:0:0:0:0:0:1 - - [20/May/2016:17:18:06 +0800] "GET /favicon.ico HTTP/1.1" 200 1150
0:0:0:0:0:0:0:1 - - [20/May/2016:17:26:17 +0800] "GET / HTTP/1.1" 401 1104
0:0:0:0:0:0:0:1 - - [20/May/2016:17:31:35 +0800] "GET / HTTP/1.1" 401 1104
127.0.0.1 - - [20/May/2016:17:32:35 +0800] "GET /favicon.ico HTTP/1.1" 200 1150
127.0.0.1 - - [20/May/2016:17:32:38 +0800] "GET / HTTP/1.1" 401 1104
127.0.0.1 - - [20/May/2016:17:32:39 +0800] "GET /favicon.ico HTTP/1.1" 200 1150
127.0.0.1 - - [20/May/2016:17:32:40 +0800] "GET / HTTP/1.1" 401 1104
127.0.0.1 - - [20/May/2016:17:32:41 +0800] "GET / HTTP/1.1" 401 1104
0:0:0:0:0:0:0:1 - - [20/May/2016:17:32:41 +0800] "GET /favicon.ico HTTP/1.1" 200 1150
0:0:0:0:0:0:0:1 - - [20/May/2016:17:32:41 +0800] "GET /favicon.ico HTTP/1.1" 200 1150
0:0:0:0:0:0:0:1 - - [20/May/2016:17:32:41 +0800] "GET / HTTP/1.1" 401 1104
0:0:0:0:0:0:0:1 - - [20/May/2016:17:32:41 +0800] "GET /favicon.ico HTTP/1.1" 200 1150
0:0:0:0:0:0:0:1 - - [20/May/2016:17:32:41 +0800] "GET / HTTP/1.1" 401 1104
0:0:0:0:0:0:0:1 - - [20/May/2016:17:32:41 +0800] "GET /favicon.ico HTTP/1.1" 200 1150
0:0:0:0:0:0:0:1 - - [20/May/2016:17:32:41 +0800] "GET / HTTP/1.1" 401 -
0:0:0:0:0:0:0:1 - - [20/May/2016:17:32:41 +0800] "GET /favicon.ico HTTP/1.1" 200 1150
0:0:0:0:0:0:0:1 - - [20/May/2016:17:32:41 +0800] "GET / HTTP/1.1" 401 1104
0:0:0:0:0:0:0:1 - - [20/May/2016:17:32:41 +0800] "GET /favicon.ico HTTP/1.1" 200 1150
0:0:0:0:0:0:0:1 - - [20/May/2016:17:32:41 +0800] "GET / HTTP/1.1" 401 -
0:0:0:0:0:0:0:1 - - [20/May/2016:17:32:41 +0800] "GET /favicon.ico HTTP/1.1" 200 1150
0:0:0:0:0:0:0:1 - - [20/May/2016:17:32:41 +0800] "GET / HTTP/1.1" 401 1104
0:0:0:0:0:0:0:1 - - [20/May/2016:17:32:41 +0800] "GET /favicon.ico HTTP/1.1" 200 1150
0:0:0:0:0:0:0:1 - - [20/May/2016:17:32:41 +0800] "GET / HTTP/1.1" 401 1104
0:0:0:0:0:0:0:1 - - [20/May/2016:17:32:41 +0800] "GET /favicon.ico HTTP/1.1" 200 1150
0:0:0:0:0:0:0:1 - - [20/May/2016:17:32:41 +0800] "GET / HTTP/1.1" 401 1104
0:0:0:0:0:0:0:1 - - [20/May/2016:17:32:41 +0800] "GET /favicon.ico HTTP/1.1" 200 1150
0:0:0:0:0:0:0:1 - - [20/May/2016:17:32:41 +0800] "GET / HTTP/1.1" 401 -
0:0:0:0:0:0:0:1 - - [20/May/2016:17:32:41 +0800] "GET /favicon.ico HTTP/1.1" 200 1150
0:0:0:0:0:0:0:1 - - [20/May/2016:17:32:41 +0800] "GET / HTTP/1.1" 401 1104
0:0:0:0:0:0:0:1 - - [20/May/2016:17:32:41 +0800] "GET /favicon.ico HTTP/1.1" 200 1150
0:0:0:0:0:0:0:1 - - [20/May/2016:17:32:41 +0800] "GET / HTTP/1.1" 401 1104
0:0:0:0:0:0:0:1 - - [20/May/2016:17:32:41 +0800] "GET /favicon.ico HTTP/1.1" 200 1150
0:0:0:0:0:0:0:1 - - [20/May/2016:17:32:41 +0800] "GET / HTTP/1.1" 401 1104
0:0:0:0:0:0:0:1 - - [20/May/2016:17:32:41 +0800] "GET /favicon.ico HTTP/1.1" 200 1150
0:0:0:0:0:0:0:1 - - [20/May/2016:17:32:41 +0800] "GET / HTTP/1.1" 401 1104
0:0:0:0:0:0:0:1 - - [20/May/2016:17:32:41 +0800] "GET /favicon.ico HTTP/1.1" 200 1150
0:0:0:0:0:0:0:1 - - [20/May/2016:17:32:41 +0800] "GET / HTTP/1.1" 401 1104
0:0:0:0:0:0:0:1 - - [20/May/2016:17:32:41 +0800] "GET /favicon.ico HTTP/1.1" 200 1150
0:0:0:0:0:0:0:1 - - [20/May/2016:17:32:41 +0800] "GET / HTTP/1.1" 401 1104
0:0:0:0:0:0:0:1 - - [20/May/2016:17:32:41 +0800] "GET /favicon.ico HTTP/1.1" 200 1150
0:0:0:0:0:0:0:1 - - [20/May/2016:17:32:41 +0800] "GET / HTTP/1.1" 401 1104
0:0:0:0:0:0:0:1 - - [20/May/2016:17:32:41 +0800] "GET /favicon.ico HTTP/1.1" 200 1150
0:0:0:0:0:0:0:1 - - [20/May/2016:17:32:41 +0800] "GET / HTTP/1.1" 401 1104
0:0:0:0:0:0:0:1 - - [20/May/2016:17:33:13 +0800] "GET /cms/affiche/detailed/toView HTTP/1.1" 401 1104
0:0:0:0:0:0:0:1 - - [20/May/2016:17:34:52 +0800] "GET /cms/affiche/detailed/toView HTTP/1.1" 401 1104
0:0:0:0:0:0:0:1 - - [20/May/2016:17:34:54 +0800] "GET /favicon.ico HTTP/1.1" 200 1150
0:0:0:0:0:0:0:1 - - [20/May/2016:17:34:58 +0800] "GET /cms/affiche/detailed/toView HTTP/1.1" 401 1104
0:0:0:0:0:0:0:1 - - [20/May/2016:17:35:06 +0800] "GET /favicon.ico HTTP/1.1" 200 1150
0:0:0:0:0:0:0:1 - - [20/May/2016:17:37:02 +0800] "GET /cms/affiche/detailed/toView HTTP/1.1" 401 1104
0:0:0:0:0:0:0:1 - - [20/May/2016:17:37:03 +0800] "GET /favicon.ico HTTP/1.1" 200 1150
0:0:0:0:0:0:0:1 - - [20/May/2016:17:43:11 +0800] "GET / HTTP/1.1" 401 1104
0:0:0:0:0:0:0:1 - - [20/May/2016:17:43:22 +0800] "GET / HTTP/1.1" 401 1024
0:0:0:0:0:0:0:1 - - [20/May/2016:17:44:00 +0800] "GET /servlet/validcodeServlet HTTP/1.1" 401 1104
0:0:0:0:0:0:0:1 - - [20/May/2016:17:50:13 +0800] "GET / HTTP/1.1" 401 1104
0:0:0:0:0:0:0:1 - - [20/May/2016:17:50:17 +0800] "GET /favicon.ico HTTP/1.1" 200 1150
0:0:0:0:0:0:0:1 - - [20/May/2016:17:51:32 +0800] "GET / HTTP/1.1" 401 120
0:0:0:0:0:0:0:1 - - [20/May/2016:17:51:33 +0800] "GET /favicon.ico HTTP/1.1" 200 1150
127.0.0.1 - - [20/May/2016:17:54:12 +0800] "GET / HTTP/1.1" 401 120
127.0.0.1 - - [20/May/2016:17:54:14 +0800] "GET /favicon.ico HTTP/1.1" 200 1150
127.0.0.1 - - [20/May/2016:17:54:15 +0800] "GET / HTTP/1.1" 401 120
127.0.0.1 - - [20/May/2016:17:54:16 +0800] "GET /favicon.ico HTTP/1.1" 200 1150
127.0.0.1 - - [20/May/2016:17:54:19 +0800] "GET / HTTP/1.1" 401 120
127.0.0.1 - - [20/May/2016:17:54:24 +0800] "GET /favicon.ico HTTP/1.1" 200 1150
127.0.0.1 - - [20/May/2016:17:54:42 +0800] "GET / HTTP/1.1" 401 120
0:0:0:0:0:0:0:1 - - [20/May/2016:18:25:26 +0800] "GET / HTTP/1.1" 404 118
0:0:0:0:0:0:0:1 - - [20/May/2016:18:25:26 +0800] "GET /favicon.ico HTTP/1.1" 200 1150
0:0:0:0:0:0:0:1 - - [20/May/2016:18:25:44 +0800] "GET /cms/affiche/detailed/toView HTTP/1.1" 302 -
0:0:0:0:0:0:0:1 - - [20/May/2016:18:25:44 +0800] "GET /login HTTP/1.1" 500 118
0:0:0:0:0:0:0:1 - - [20/May/2016:18:41:44 +0800] "GET /login HTTP/1.1" 500 118
0:0:0:0:0:0:0:1 - - [20/May/2016:18:41:44 +0800] "GET /favicon.ico HTTP/1.1" 200 1150
0:0:0:0:0:0:0:1 - - [20/May/2016:18:41:49 +0800] "GET /cms/affiche/detailed/toView HTTP/1.1" 302 -
0:0:0:0:0:0:0:1 - - [20/May/2016:18:41:49 +0800] "GET /login HTTP/1.1" 500 118
0:0:0:0:0:0:0:1 - - [20/May/2016:18:47:27 +0800] "GET /login HTTP/1.1" 500 118
0:0:0:0:0:0:0:1 - - [20/May/2016:18:47:27 +0800] "GET /favicon.ico HTTP/1.1" 200 1150
0:0:0:0:0:0:0:1 - - [20/May/2016:18:47:31 +0800] "GET /cms/affiche/detailed/toView HTTP/1.1" 302 -
0:0:0:0:0:0:0:1 - - [20/May/2016:18:47:31 +0800] "GET /login HTTP/1.1" 500 118
0:0:0:0:0:0:0:1 - - [20/May/2016:18:49:00 +0800] "GET /cms/affiche/detailed/toView HTTP/1.1" 302 -
0:0:0:0:0:0:0:1 - - [20/May/2016:18:49:00 +0800] "GET /login HTTP/1.1" 500 118
0:0:0:0:0:0:0:1 - - [20/May/2016:18:50:37 +0800] "GET /login HTTP/1.1" 500 118
0:0:0:0:0:0:0:1 - - [20/May/2016:18:50:37 +0800] "GET /favicon.ico HTTP/1.1" 200 1150
0:0:0:0:0:0:0:1 - - [20/May/2016:18:50:47 +0800] "GET /login2 HTTP/1.1" 404 118
0:0:0:0:0:0:0:1 - - [20/May/2016:18:50:53 +0800] "GET /login2 HTTP/1.1" 404 118
0:0:0:0:0:0:0:1 - - [20/May/2016:18:50:53 +0800] "GET /favicon.ico HTTP/1.1" 200 1150
0:0:0:0:0:0:0:1 - - [20/May/2016:18:51:26 +0800] "GET / HTTP/1.1" 404 118
0:0:0:0:0:0:0:1 - - [20/May/2016:18:55:05 +0800] "GET /dialog HTTP/1.1" 404 -
0:0:0:0:0:0:0:1 - - [20/May/2016:18:55:05 +0800] "GET /dialog HTTP/1.1" 404 118
0:0:0:0:0:0:0:1 - - [20/May/2016:18:55:05 +0800] "GET /favicon.ico HTTP/1.1" 200 1150
0:0:0:0:0:0:0:1 - - [20/May/2016:18:56:04 +0800] "GET /app1/toView HTTP/1.1" 500 118
0:0:0:0:0:0:0:1 - - [20/May/2016:18:58:25 +0800] "GET /app1/toView HTTP/1.1" 200 155
0:0:0:0:0:0:0:1 - - [20/May/2016:18:58:25 +0800] "GET /favicon.ico HTTP/1.1" 200 1150
0:0:0:0:0:0:0:1 - - [20/May/2016:18:58:49 +0800] "GET /app1/toView HTTP/1.1" 200 171
0:0:0:0:0:0:0:1 - - [20/May/2016:18:58:49 +0800] "GET /favicon.ico HTTP/1.1" 200 1150
0:0:0:0:0:0:0:1 - - [20/May/2016:18:58:57 +0800] "GET /app1/toView HTTP/1.1" 200 186
0:0:0:0:0:0:0:1 - - [20/May/2016:18:58:58 +0800] "GET /favicon.ico HTTP/1.1" 200 1150
